{"C:\\Users\\Kevin Okoth\\Desktop\\New folder(5)\\New folder\\Testing.js\\calculator.js": {"path":"C:\\Users\\Kevin Okoth\\Desktop\\New folder(5)\\New folder\\Testing.js\\calculator.js","statementMap":{"0":{"start":{"line":1,"column":12},"end":{"line":1,"column":27}},"1":{"start":{"line":1,"column":22},"end":{"line":1,"column":27}},"2":{"start":{"line":2,"column":17},"end":{"line":2,"column":32}},"3":{"start":{"line":2,"column":27},"end":{"line":2,"column":32}},"4":{"start":{"line":3,"column":17},"end":{"line":3,"column":32}},"5":{"start":{"line":3,"column":27},"end":{"line":3,"column":32}},"6":{"start":{"line":4,"column":15},"end":{"line":4,"column":30}},"7":{"start":{"line":4,"column":25},"end":{"line":4,"column":30}},"8":{"start":{"line":6,"column":0},"end":{"line":6,"column":53}}},"fnMap":{"0":{"name":"(anonymous_0)","decl":{"start":{"line":1,"column":12},"end":{"line":1,"column":13}},"loc":{"start":{"line":1,"column":22},"end":{"line":1,"column":27}},"line":1},"1":{"name":"(anonymous_1)","decl":{"start":{"line":2,"column":17},"end":{"line":2,"column":18}},"loc":{"start":{"line":2,"column":27},"end":{"line":2,"column":32}},"line":2},"2":{"name":"(anonymous_2)","decl":{"start":{"line":3,"column":17},"end":{"line":3,"column":18}},"loc":{"start":{"line":3,"column":27},"end":{"line":3,"column":32}},"line":3},"3":{"name":"(anonymous_3)","decl":{"start":{"line":4,"column":15},"end":{"line":4,"column":16}},"loc":{"start":{"line":4,"column":25},"end":{"line":4,"column":30}},"line":4}},"branchMap":{},"s":{"0":1,"1":1,"2":1,"3":1,"4":1,"5":1,"6":1,"7":1,"8":1},"f":{"0":1,"1":1,"2":1,"3":1},"b":{},"_coverageSchema":"1a1c01bbd47fc00a2c39e90264f33305004495a9","hash":"256810c153730d75f25076a1aad95dc376ea47d3"}
,"C:\\Users\\Kevin Okoth\\Desktop\\New folder(5)\\New folder\\Testing.js\\capitalizestring.js": {"path":"C:\\Users\\Kevin Okoth\\Desktop\\New folder(5)\\New folder\\Testing.js\\capitalizestring.js","statementMap":{"0":{"start":{"line":2,"column":2},"end":{"line":2,"column":58}},"1":{"start":{"line":4,"column":0},"end":{"line":4,"column":39}}},"fnMap":{"0":{"name":"capitalizeString","decl":{"start":{"line":1,"column":9},"end":{"line":1,"column":25}},"loc":{"start":{"line":1,"column":34},"end":{"line":3,"column":1}},"line":1}},"branchMap":{},"s":{"0":1,"1":1},"f":{"0":1},"b":{},"_coverageSchema":"1a1c01bbd47fc00a2c39e90264f33305004495a9","hash":"930d2fce0be3f7cf5052a4dec1fb4eca5dc6aed9"}
,"C:\\Users\\Kevin Okoth\\Desktop\\New folder(5)\\New folder\\Testing.js\\reversestring.js": {"path":"C:\\Users\\Kevin Okoth\\Desktop\\New folder(5)\\New folder\\Testing.js\\reversestring.js","statementMap":{"0":{"start":{"line":1,"column":22},"end":{"line":2,"column":77}},"1":{"start":{"line":2,"column":2},"end":{"line":2,"column":77}},"2":{"start":{"line":4,"column":0},"end":{"line":4,"column":31}}},"fnMap":{"0":{"name":"(anonymous_0)","decl":{"start":{"line":1,"column":22},"end":{"line":1,"column":23}},"loc":{"start":{"line":2,"column":2},"end":{"line":2,"column":77}},"line":2}},"branchMap":{},"s":{"0":1,"1":1,"2":1},"f":{"0":1},"b":{},"_coverageSchema":"1a1c01bbd47fc00a2c39e90264f33305004495a9","hash":"65337db3c7eb41f9f06bc2d19d9c15ff9585356f"}
,"C:\\Users\\Kevin Okoth\\Desktop\\New folder(5)\\New folder\\Testing.js\\stringlength.js": {"path":"C:\\Users\\Kevin Okoth\\Desktop\\New folder(5)\\New folder\\Testing.js\\stringlength.js","statementMap":{"0":{"start":{"line":1,"column":21},"end":{"line":1,"column":40}},"1":{"start":{"line":1,"column":30},"end":{"line":1,"column":40}},"2":{"start":{"line":2,"column":0},"end":{"line":2,"column":35}},"3":{"start":{"line":4,"column":0},"end":{"line":4,"column":30}}},"fnMap":{"0":{"name":"(anonymous_0)","decl":{"start":{"line":1,"column":21},"end":{"line":1,"column":22}},"loc":{"start":{"line":1,"column":30},"end":{"line":1,"column":40}},"line":1}},"branchMap":{},"s":{"0":1,"1":2,"2":1,"3":1},"f":{"0":2},"b":{},"_coverageSchema":"1a1c01bbd47fc00a2c39e90264f33305004495a9","hash":"afea3e3898c36dd6e4886d78fa841ca3c9c2fb6f"}
}
